<?xml version="1.0" encoding="UTF-8"?>
<testng-results skipped="0" failed="0" total="12" passed="12">
  <reporter-output>
  </reporter-output>
  <suite name="Suite" duration-ms="10909" started-at="2021-09-29T18:05:33Z" finished-at="2021-09-29T18:05:44Z">
    <groups>
    </groups>
    <test name="Test" duration-ms="10909" started-at="2021-09-29T18:05:33Z" finished-at="2021-09-29T18:05:44Z">
      <class name="com.bitly.getgroups.TC02_CreateBitlink">
        <test-method status="PASS" signature="createBitlink()[pri:0, instance:com.bitly.getgroups.TC02_CreateBitlink@5ba23b66]" name="createBitlink" duration-ms="1556" started-at="2021-09-29T23:35:38Z" finished-at="2021-09-29T23:35:39Z">
          <reporter-output>
          </reporter-output>
        </test-method> <!-- createBitlink -->
        <test-method status="PASS" signature="createBitlinkHavingIncorrectContentType()[pri:0, instance:com.bitly.getgroups.TC02_CreateBitlink@5ba23b66]" name="createBitlinkHavingIncorrectContentType" duration-ms="593" started-at="2021-09-29T23:35:39Z" finished-at="2021-09-29T23:35:40Z">
          <reporter-output>
          </reporter-output>
        </test-method> <!-- createBitlinkHavingIncorrectContentType -->
        <test-method status="PASS" signature="createBitlinkHavingIncorrectJSONBody()[pri:0, instance:com.bitly.getgroups.TC02_CreateBitlink@5ba23b66]" name="createBitlinkHavingIncorrectJSONBody" duration-ms="591" started-at="2021-09-29T23:35:40Z" finished-at="2021-09-29T23:35:40Z">
          <reporter-output>
          </reporter-output>
        </test-method> <!-- createBitlinkHavingIncorrectJSONBody -->
        <test-method status="PASS" signature="createBitlinkHavingIncorrectURI()[pri:0, instance:com.bitly.getgroups.TC02_CreateBitlink@5ba23b66]" name="createBitlinkHavingIncorrectURI" duration-ms="621" started-at="2021-09-29T23:35:40Z" finished-at="2021-09-29T23:35:41Z">
          <reporter-output>
          </reporter-output>
        </test-method> <!-- createBitlinkHavingIncorrectURI -->
        <test-method status="PASS" signature="createBitlinkWithoutToken()[pri:0, instance:com.bitly.getgroups.TC02_CreateBitlink@5ba23b66]" name="createBitlinkWithoutToken" duration-ms="588" started-at="2021-09-29T23:35:41Z" finished-at="2021-09-29T23:35:42Z">
          <reporter-output>
          </reporter-output>
        </test-method> <!-- createBitlinkWithoutToken -->
      </class> <!-- com.bitly.getgroups.TC02_CreateBitlink -->
      <class name="com.bitly.getgroups.TC03_RetrieveGroup">
        <test-method status="PASS" signature="retrieveGroup()[pri:0, instance:com.bitly.getgroups.TC03_RetrieveGroup@2ff4f00f]" name="retrieveGroup" duration-ms="592" started-at="2021-09-29T23:35:42Z" finished-at="2021-09-29T23:35:42Z">
          <reporter-output>
          </reporter-output>
        </test-method> <!-- retrieveGroup -->
        <test-method status="PASS" signature="retrieveGroupHavingIncorrectGroupId()[pri:0, instance:com.bitly.getgroups.TC03_RetrieveGroup@2ff4f00f]" name="retrieveGroupHavingIncorrectGroupId" duration-ms="666" started-at="2021-09-29T23:35:42Z" finished-at="2021-09-29T23:35:43Z">
          <reporter-output>
          </reporter-output>
        </test-method> <!-- retrieveGroupHavingIncorrectGroupId -->
        <test-method status="PASS" signature="retrieveGroupHavingIncorrectURI()[pri:0, instance:com.bitly.getgroups.TC03_RetrieveGroup@2ff4f00f]" name="retrieveGroupHavingIncorrectURI" duration-ms="712" started-at="2021-09-29T23:35:43Z" finished-at="2021-09-29T23:35:44Z">
          <reporter-output>
          </reporter-output>
        </test-method> <!-- retrieveGroupHavingIncorrectURI -->
        <test-method status="PASS" signature="retrieveGroupWithoutToken()[pri:0, instance:com.bitly.getgroups.TC03_RetrieveGroup@2ff4f00f]" name="retrieveGroupWithoutToken" duration-ms="613" started-at="2021-09-29T23:35:44Z" finished-at="2021-09-29T23:35:44Z">
          <reporter-output>
          </reporter-output>
        </test-method> <!-- retrieveGroupWithoutToken -->
      </class> <!-- com.bitly.getgroups.TC03_RetrieveGroup -->
      <class name="com.bitly.getgroups.TC01_GetGroups">
        <test-method status="PASS" signature="getGroups()[pri:0, instance:com.bitly.getgroups.TC01_GetGroups@16c0663d]" name="getGroups" duration-ms="3177" started-at="2021-09-29T23:35:33Z" finished-at="2021-09-29T23:35:36Z">
          <reporter-output>
          </reporter-output>
        </test-method> <!-- getGroups -->
        <test-method status="PASS" signature="getGroupsHavingIncorrectURI()[pri:0, instance:com.bitly.getgroups.TC01_GetGroups@16c0663d]" name="getGroupsHavingIncorrectURI" duration-ms="597" started-at="2021-09-29T23:35:36Z" finished-at="2021-09-29T23:35:37Z">
          <reporter-output>
          </reporter-output>
        </test-method> <!-- getGroupsHavingIncorrectURI -->
        <test-method status="PASS" signature="getGroupsWithoutToken()[pri:0, instance:com.bitly.getgroups.TC01_GetGroups@16c0663d]" name="getGroupsWithoutToken" duration-ms="572" started-at="2021-09-29T23:35:37Z" finished-at="2021-09-29T23:35:38Z">
          <reporter-output>
          </reporter-output>
        </test-method> <!-- getGroupsWithoutToken -->
      </class> <!-- com.bitly.getgroups.TC01_GetGroups -->
    </test> <!-- Test -->
  </suite> <!-- Suite -->
</testng-results>
