<?xml version="1.0" encoding="UTF-8"?>
<!-- Generated by org.testng.reporters.JUnitXMLReporter -->
<testsuite hostname="HIBAWL126957" name="Default test" tests="3" failures="0" timestamp="29 Sep 2021 17:59:43 GMT" time="4.48" errors="0">
  <testcase name="getGroups" time="3.322" classname="com.bitly.getgroups.TC01_GetGroups"/>
  <testcase name="getGroupsHavingIncorrectURI" time="0.582" classname="com.bitly.getgroups.TC01_GetGroups"/>
  <testcase name="getGroupsWithoutToken" time="0.561" classname="com.bitly.getgroups.TC01_GetGroups"/>
</testsuite> <!-- Default test -->
