<?xml version="1.0" encoding="UTF-8"?>
<!-- Generated by org.testng.reporters.JUnitXMLReporter -->
<testsuite hostname="HIBAWL126957" name="Test" tests="12" failures="0" timestamp="29 Sep 2021 18:05:44 GMT" time="10.909" errors="0">
  <testcase name="getGroups" time="3.177" classname="com.bitly.getgroups.TC01_GetGroups"/>
  <testcase name="getGroupsHavingIncorrectURI" time="0.597" classname="com.bitly.getgroups.TC01_GetGroups"/>
  <testcase name="getGroupsWithoutToken" time="0.572" classname="com.bitly.getgroups.TC01_GetGroups"/>
  <testcase name="createBitlink" time="1.556" classname="com.bitly.getgroups.TC02_CreateBitlink"/>
  <testcase name="createBitlinkHavingIncorrectContentType" time="0.593" classname="com.bitly.getgroups.TC02_CreateBitlink"/>
  <testcase name="createBitlinkHavingIncorrectJSONBody" time="0.591" classname="com.bitly.getgroups.TC02_CreateBitlink"/>
  <testcase name="createBitlinkHavingIncorrectURI" time="0.621" classname="com.bitly.getgroups.TC02_CreateBitlink"/>
  <testcase name="createBitlinkWithoutToken" time="0.588" classname="com.bitly.getgroups.TC02_CreateBitlink"/>
  <testcase name="retrieveGroup" time="0.592" classname="com.bitly.getgroups.TC03_RetrieveGroup"/>
  <testcase name="retrieveGroupHavingIncorrectGroupId" time="0.666" classname="com.bitly.getgroups.TC03_RetrieveGroup"/>
  <testcase name="retrieveGroupHavingIncorrectURI" time="0.712" classname="com.bitly.getgroups.TC03_RetrieveGroup"/>
  <testcase name="retrieveGroupWithoutToken" time="0.613" classname="com.bitly.getgroups.TC03_RetrieveGroup"/>
</testsuite> <!-- Test -->
